<?xml version="1.0" encoding="UTF-8" standalone="yes"?><!DOCTYPE report PUBLIC "-//JACOCO//DTD Report 1.0//EN" "report.dtd"><report name="JaCoCo code coverage report"><sessioninfo id="tim-debian-facc6c46" start="1503757759150" dump="1503757759437"/><sessioninfo id="tim-debian-498d0d5e" start="1503758621772" dump="1503758622059"/><sessioninfo id="tim-debian-143e462e" start="1503759021176" dump="1503759021475"/><sessioninfo id="tim-debian-6a90b795" start="1503759245407" dump="1503759245724"/><sessioninfo id="tim-debian-37114f70" start="1503766313556" dump="1503766313859"/><sessioninfo id="tim-debian-4580f754" start="1503769801324" dump="1503769801657"/><sessioninfo id="tim-debian-33e9a72f" start="1503778621039" dump="1503778621391"/><sessioninfo id="tim-debian-527bd754" start="1503778718060" dump="1503778718382"/><sessioninfo id="tim-debian-2948dc3c" start="1503779130246" dump="1503779130560"/><sessioninfo id="tim-debian-205748b" start="1503779206028" dump="1503779206403"/><sessioninfo id="tim-debian-ab3b1768" start="1503779324761" dump="1503779325140"/><sessioninfo id="tim-debian-70bb5d2a" start="1503779494892" dump="1503779495279"/><sessioninfo id="tim-debian-4621a81e" start="1503779743819" dump="1503779744213"/><sessioninfo id="tim-debian-e16c368b" start="1503779796805" dump="1503779797204"/><sessioninfo id="tim-debian-c03f15f5" start="1503779909769" dump="1503779910176"/><sessioninfo id="tim-debian-3a78b62f" start="1503780109752" dump="1503780110194"/><sessioninfo id="tim-debian-84c8be89" start="1503780239799" dump="1503780240256"/><sessioninfo id="tim-debian-4df2a07a" start="1503780296080" dump="1503780296329"/><sessioninfo id="tim-debian-bebe1287" start="1503780360782" dump="1503780361070"/><sessioninfo id="tim-debian-9c285a87" start="1503780366497" dump="1503780366939"/><sessioninfo id="tim-debian-e19bc779" start="1503780374502" dump="1503780374932"/><sessioninfo id="tim-debian-3091be74" start="1503780383896" dump="1503780384311"/><sessioninfo id="tim-debian-5193e5c6" start="1503780393980" dump="1503780394398"/><sessioninfo id="tim-debian-46cfecb2" start="1503780403327" dump="1503780403734"/><sessioninfo id="tim-debian-17f98cdf" start="1503780417406" dump="1503780417669"/><sessioninfo id="tim-debian-9763a029" start="1503780427628" dump="1503780428042"/><sessioninfo id="tim-debian-13795dd" start="1503781257497" dump="1503781257913"/><sessioninfo id="tim-debian-fdc839c" start="1503781417168" dump="1503781417662"/><sessioninfo id="tim-debian-aaf558d9" start="1503809084073" dump="1503809084464"/><sessioninfo id="tim-debian-545fa63b" start="1503810372506" dump="1503810372884"/><sessioninfo id="tim-debian-e83041f9" start="1503810385037" dump="1503810385416"/><sessioninfo id="tim-debian-5bd8d965" start="1503810397516" dump="1503810397910"/><sessioninfo id="tim-debian-ba4a87b" start="1503810411082" dump="1503810411447"/><sessioninfo id="tim-debian-22787f94" start="1503810429236" dump="1503810429610"/><sessioninfo id="tim-debian-1a334cc1" start="1503810477251" dump="1503810477620"/><package name="helloworld"><class name="helloworld/HelloWorld"><method name="&lt;init&gt;" desc="()V" line="11"><counter type="INSTRUCTION" missed="0" covered="3"/><counter type="LINE" missed="0" covered="1"/><counter type="COMPLEXITY" missed="0" covered="1"/><counter type="METHOD" missed="0" covered="1"/></method><method name="main" desc="([Ljava/lang/String;)V" line="22"><counter type="INSTRUCTION" missed="4" covered="0"/><counter type="LINE" missed="2" covered="0"/><counter type="COMPLEXITY" missed="1" covered="0"/><counter type="METHOD" missed="1" covered="0"/></method><counter type="INSTRUCTION" missed="4" covered="3"/><counter type="LINE" missed="2" covered="1"/><counter type="COMPLEXITY" missed="1" covered="1"/><counter type="METHOD" missed="1" covered="1"/><counter type="CLASS" missed="0" covered="1"/></class><sourcefile name="HelloWorld.java"><line nr="11" mi="0" ci="3" mb="0" cb="0"/><line nr="22" mi="3" ci="0" mb="0" cb="0"/><line nr="23" mi="1" ci="0" mb="0" cb="0"/><counter type="INSTRUCTION" missed="4" covered="3"/><counter type="LINE" missed="2" covered="1"/><counter type="COMPLEXITY" missed="1" covered="1"/><counter type="METHOD" missed="1" covered="1"/><counter type="CLASS" missed="0" covered="1"/></sourcefile><counter type="INSTRUCTION" missed="4" covered="3"/><counter type="LINE" missed="2" covered="1"/><counter type="COMPLEXITY" missed="1" covered="1"/><counter type="METHOD" missed="1" covered="1"/><counter type="CLASS" missed="0" covered="1"/></package><counter type="INSTRUCTION" missed="4" covered="3"/><counter type="LINE" missed="2" covered="1"/><counter type="COMPLEXITY" missed="1" covered="1"/><counter type="METHOD" missed="1" covered="1"/><counter type="CLASS" missed="0" covered="1"/></report>